sys161: System/161 release 1.14, compiled Jan 13 2015 13:55:47

OS/161 base system version 1.11
Copyright (c) 2000, 2001, 2002, 2003
   President and Fellows of Harvard College.  All rights reserved.

Jason's system version 0 (ASST2 #1)

Cpu is MIPS r2000/r3000
1788k physical memory available
Device probe...
lamebus0 (system main bus)
emu0 at lamebus0
ltrace0 at lamebus0
ltimer0 at lamebus0
hardclock on ltimer0 (100 hz)
beep0 at ltimer0
rtclock0 at ltimer0
lrandom0 at lamebus0
random0 at lrandom0
lhd0 at lamebus0
lhd1 at lamebus0
lser0 at lamebus0
con0 at lser0
pseudorand0 (virtual)

OS/161 kernel [? for menu]: p /testbin/os161testerprog 
p /testbin/os161testerprog 
1. writing to stdout... hello world!
2. writing to stderr... /testbin/os161testerprog: false warning
!
3. reading from stdin...
Press Enter: 
passed.
P6ress 6: 6passed.
Running test case 1... passed.
Running test case 2... passed.
Running test case 3... passed.
Running test case 4... passed.
Running test case 5... passed.
Running test case 6... passed.
Running test case 7... passed.
Running test case 8... passed.
Press any key 3 times in the next set of tests.
Running test case 9...I passed.
Running test case 10...I passed.
Running test case 11...I passed.
sys161: System/161 release 1.14, compiled Jan 13 2015 13:55:47

OS/161 base system version 1.11
Copyright (c) 2000, 2001, 2002, 2003
   President and Fellows of Harvard College.  All rights reserved.

Jason's system version 0 (ASST2 #1)

Cpu is MIPS r2000/r3000
1788k physical memory available
Device probe...
lamebus0 (system main bus)
emu0 at lamebus0
ltrace0 at lamebus0
ltimer0 at lamebus0
hardclock on ltimer0 (100 hz)
beep0 at ltimer0
rtclock0 at ltimer0
lrandom0 at lamebus0
random0 at lrandom0
lhd0 at lamebus0
lhd1 at lamebus0
lser0 at lamebus0
con0 at lser0
pseudorand0 (virtual)

OS/161 kernel [? for menu]: p /testbin/os161testerprog 11318 34097
p /testbin/os161testerprog 11318 34097
Answer: 45415sys161: System/161 release 1.14, compiled Jan 13 2015 13:55:47

OS/161 base system version 1.11
Copyright (c) 2000, 2001, 2002, 2003
   President and Fellows of Harvard College.  All rights reserved.

Jason's system version 0 (ASST2 #1)

Cpu is MIPS r2000/r3000
1788k physical memory available
Device probe...
lamebus0 (system main bus)
emu0 at lamebus0
ltrace0 at lamebus0
ltimer0 at lamebus0
hardclock on ltimer0 (100 hz)
beep0 at ltimer0
rtclock0 at ltimer0
lrandom0 at lamebus0
random0 at lrandom0
lhd0 at lamebus0
lhd1 at lamebus0
lser0 at lamebus0
con0 at lser0
pseudorand0 (virtual)

OS/161 kernel [? for menu]: p /testbin/os161testerprog test
p /testbin/os161testerprog test
argc: 2
argv[0]: /testbin/os161testerprog
argv[1]: test
sys161: System/161 release 1.14, compiled Jan 13 2015 13:55:47

OS/161 base system version 1.11
Copyright (c) 2000, 2001, 2002, 2003
   President and Fellows of Harvard College.  All rights reserved.

Jason's system version 0 (ASST2 #1)

Cpu is MIPS r2000/r3000
1788k physical memory available
Device probe...
lamebus0 (system main bus)
emu0 at lamebus0
ltrace0 at lamebus0
ltimer0 at lamebus0
hardclock on ltimer0 (100 hz)
beep0 at ltimer0
rtclock0 at ltimer0
lrandom0 at lamebus0
random0 at lrandom0
lhd0 at lamebus0
lhd1 at lamebus0
lser0 at lamebus0
con0 at lser0
pseudorand0 (virtual)

OS/161 kernel [? for menu]: p /testbin/os161testerprog 
p /testbin/os161testerprog 
/testbin/os161testerprog: Starting.
001111222222223333333333333333sys161: System/161 release 1.14, compiled Jan 13 2015 13:55:47

OS/161 base system version 1.11
Copyright (c) 2000, 2001, 2002, 2003
   President and Fellows of Harvard College.  All rights reserved.

Jason's system version 0 (ASST2 #1)

Cpu is MIPS r2000/r3000
1788k physical memory available
Device probe...
lamebus0 (system main bus)
emu0 at lamebus0
ltrace0 at lamebus0
ltimer0 at lamebus0
hardclock on ltimer0 (100 hz)
beep0 at ltimer0
rtclock0 at ltimer0
lrandom0 at lamebus0
random0 at lrandom0
lhd0 at lamebus0
lhd1 at lamebus0
lser0 at lamebus0
con0 at lser0
pseudorand0 (virtual)

OS/161 kernel [? for menu]: p /testbin/os161testerprog 
p /testbin/os161testerprog 
thread_fork failed: Out of memory
kmalloc: Subpage allocator couldn't get a page
kmalloc: Subpage allocator couldn't get a page
kmalloc: Subpage allocator couldn't get a page
kmalloc: Subpage allocator couldn't get a page
kmalloc: Subpage allocator couldn't get a page
kmalloc: Subpage allocator couldn't get a page
thread_fork failed: Out of memory
kmalloc: Subpage allocator couldn't get a page
kmalloc: Subpage allocator couldn't get a page
kmalloc: Subpage allocator couldn't get a page
kmalloc: Subpage allocator couldn't get a page
kmalloc: Subpage allocator couldn't get a page
kmalloc: Subpage allocator couldn't get a page
thread_fork failed: Out of memory
kmalloc: Subpage allocator couldn't get a page
kmalloc: Subpage allocator couldn't get a page
kmalloc: Subpage allocator couldn't get a page
kmalloc: Subpage allocator couldn't get a page
kmalloc: Subpage allocator couldn't get a page
kmalloc: Subpage allocator couldn't get a page
thread_fork failed: Out of memory
kmalloc: Subpage allocator couldn't get a page
kmalloc: Subpage allocator couldn't get a page
kmalloc: Subpage allocator couldn't get a page
kmalloc: Subpage allocator couldn't get a page
thread_fork failed: Out of memory
thread_fork failed: Out of memory
thread_fork failed: Out of memory
kmalloc: Subpage allocator couldn't get a page
kmalloc: Subpage allocator couldn't get a page
kmalloc: Subpage allocator couldn't get a page
kmalloc: Subpage allocator couldn't get a page
kmalloc: Subpage allocator couldn't get a page
kmalloc: Subpage allocator couldn't get a page
thread_fork failed: Out of memory
kmalloc: Subpage allocator couldn't get a page
kmalloc: Subpage allocator couldn't get a page
kmalloc: Subpage allocator couldn't get a page
kmalloc: Subpage allocator couldn't get a page
kmalloc: Subpage allocator couldn't get a page
kmalloc: Subpage allocator couldn't get a page
thread_fork failed: Out of memory
kmalloc: Subpage allocator couldn't get a page
kmalloc: Subpage allocator couldn't get a page
kmalloc: Subpage allocator couldn't get a page
kmalloc: Subpage allocator couldn't get a page
thread_fork failed: Out of memory
thread_fork failed: Out of memory
kmalloc: Subpage allocator couldn't get a page
kmalloc: Subpage allocator couldn't get a page
kmalloc: Subpage allocator couldn't get a page
kmalloc: Subpage allocator couldn't get a page
kmalloc: Subpage allocator couldn't get a page
kmalloc: Subpage allocator couldn't get a page
kmalloc: Subpage allocator couldn't get a page
kmalloc: Subpage allocator couldn't get a page
kmalloc: Subpage allocator couldn't get a page
kmalloc: Subpage allocator couldn't get a page
kmalloc: Subpage allocator couldn't get a page
kmalloc: Subpage allocator couldn't get a page
kmalloc: Subpage allocator couldn't get a page
kmalloc: Subpage allocator couldn't get a page
kmalloc: Subpage allocator couldn't get a page
kmalloc: Subpage allocator couldn't get a page
kmalloc: Subpage allocator couldn't get a page
kmalloc: Subpage allocator couldn't get a page
kmalloc: Subpage allocator couldn't get a page
kmalloc: Subpage allocator couldn't get a page
kmalloc: Subpage allocator couldn't get a page
kmalloc: Subpage allocator couldn't get a page
kmalloc: Subpage allocator couldn't get a page
kmalloc: Subpage allocator couldn't get a page
kmalloc: Subpage allocator couldn't get a page
kmalloc: Subpage allocator couldn't get a page
kmalloc: Subpage allocator couldn't get a page
kmalloc: Subpage allocator couldn't get a page
kmalloc: Subpage allocator couldn't get a page
kmalloc: Subpage allocator couldn't get a page
kmalloc: Subpage allocator couldn't get a page
kmalloc: Subpage allocator couldn't get a page
kmalloc: Subpage allocator couldn't get a page
kmalloc: Subpage allocator couldn't get a page
kmalloc: Subpage allocator couldn't get a page
kmalloc: Subpage allocator couldn't get a page
kmalloc: Subpage allocator couldn't get a page
kmalloc: Subpage allocator couldn't get a page
kmalloc: Subpage allocator couldn't get a page
kmalloc: Subpage allocator couldn't get a page
kmalloc: Subpage allocator couldn't get a page
kmalloc: Subpage allocator couldn't get a page
kmalloc: Subpage allocator couldn't get a page
kmalloc: Subpage allocator couldn't get a page
kmalloc: Subpage allocator couldn't get a page
kmalloc: Subpage allocator couldn't get a page
kmalloc: Subpage allocator couldn't get a page
kmalloc: Subpage allocator couldn't get a page
kmalloc: Subpage allocator couldn't get a page
kmalloc: Subpage allocator couldn't get a page
kmalloc: Subpage allocator couldn't get a page
kmalloc: Subpage allocator couldn't get a page
kmalloc: Subpage allocator couldn't get a page
kmalloc: Subpage allocator couldn't get a page
kmalloc: Subpage allocator couldn't get a page
kmalloc: Subpage allocator couldn't get a page
kmalloc: Subpage allocator couldn't get a page
kmalloc: Subpage allocator couldn't get a page
kmalloc: Subpage allocator couldn't get a page
kmalloc: Subpage allocator couldn't get a page
kmalloc: Subpage allocator couldn't get a page
kmalloc: Subpage allocator couldn't get a page
kmalloc: Subpage allocator couldn't get a page
kmalloc: Subpage allocator couldn't get a page
kmalloc: Subpage allocator couldn't get a page
kmalloc: Subpage allocator couldn't get a page
kmalloc: Subpage allocator couldn't get a page
kmalloc: Subpage allocator couldn't get a page
kmalloc: Subpage allocator couldn't get a page
kmalloc: Subpage allocator couldn't get a page
kmalloc: Subpage allocator couldn't get a page
kmalloc: Subpage allocator couldn't get a page
kmalloc: Subpage allocator couldn't get a page
kmalloc: Subpage allocator couldn't get a page
kmalloc: Subpage allocator couldn't get a page
kmalloc: Subpage allocator couldn't get a page
kmalloc: Subpage allocator couldn't get a page
kmalloc: Subpage allocator couldn't get a page
kmalloc: Subpage allocator couldn't get a page
kmalloc: Subpage allocator couldn't get a page
kmalloc: Subpage allocator couldn't get a page
kmalloc: Subpage allocator couldn't get a page
kmalloc: Subpage allocator couldn't get a page
kmalloc: Subpage allocator couldn't get a page
kmalloc: Subpage allocator couldn't get a page
kmalloc: Subpage allocator couldn't get a page
kmalloc: Subpage allocator couldn't get a page
kmalloc: Subpage allocator couldn't get a page
kmalloc: Subpage allocator couldn't get a page
kmalloc: Subpage allocator couldn't get a page
kmalloc: Subpage allocator couldn't get a page
kmalloc: Subpage allocator couldn't get a page
kmalloc: Subpage allocator couldn't get a page
kmalloc: Subpage allocator couldn't get a page
kmalloc: Subpage allocator couldn't get a page
kmalloc: Subpage allocator couldn't get a page
kmalloc: Subpage allocator couldn't get a page
kmalloc: Subpage allocator couldn't get a page
kmalloc: Subpage allocator couldn't get a page
kmalloc: Subpage allocator couldn't get a page
kmalloc: Subpage allocator couldn't get a page
kmalloc: Subpage allocator couldn't get a page
kmalloc: Subpage allocator couldn't get a page
kmalloc: Subpage allocator couldn't get a page
kmalloc: Subpage allocator couldn't get a page
kmalloc: Subpage allocator couldn't get a page
kmalloc: Subpage allocator couldn't get a page
kmalloc: Subpage allocator couldn't get a page
kmalloc: Subpage allocator couldn't get a page
kmalloc: Subpage allocator couldn't get a page
kmalloc: Subpage allocator couldn't get a page
kmalloc: Subpage allocator couldn't get a page
kmalloc: Subpage allocator couldn't get a page
kmalloc: Subpage allocator couldn't get a page
kmalloc: Subpage allocator couldn't get a page
kmalloc: Subpage allocator couldn't get a page
kmalloc: Subpage allocator couldn't get a page
kmalloc: Subpage allocator couldn't get a page
kmalloc: Subpage allocator couldn't get a page
kmalloc: Subpage allocator couldn't get a page
kmalloc: Subpage allocator couldn't get a page
kmalloc: Subpage allocator couldn't get a page
kmalloc: Subpage allocator couldn't get a page
kmalloc: Subpage allocator couldn't get a page
kmalloc: Subpage allocator couldn't get a page
kmalloc: Subpage allocator couldn't get a page
kmalloc: Subpage allocator couldn't get a page
kmalloc: Subpage allocator couldn't get a page
kmalloc: Subpage allocator couldn't get a page
kmalloc: Subpage allocator couldn't get a page
kmalloc: Subpage allocator couldn't get a page
kmalloc: Subpage allocator couldn't get a page
kmalloc: Subpage allocator couldn't get a page
kmalloc: Subpage allocator couldn't get a page
kmalloc: Subpage allocator couldn't get a page
kmalloc: Subpage allocator couldn't get a page
kmalloc: Subpage allocator couldn't get a page
kmalloc: Subpage allocator couldn't get a page
kmalloc: Subpage allocator couldn't get a page
kmalloc: Subpage allocator couldn't get a page
kmalloc: Subpage allocator couldn't get a page
kmalloc: Subpage allocator couldn't get a page
kmalloc: Subpage allocator couldn't get a page
kmalloc: Subpage allocator couldn't get a page
kmalloc: Subpage allocator couldn't get a page
kmalloc: Subpage allocator couldn't get a page
kmalloc: Subpage allocator couldn't get a page
kmalloc: Subpage allocator couldn't get a page
kmalloc: Subpage allocator couldn't get a page
kmalloc: Subpage allocator couldn't get a page
kmalloc: Subpage allocator couldn't get a page
kmalloc: Subpage allocator couldn't get a page
kmalloc: Subpage allocator couldn't get a page
kmalloc: Subpage allocator couldn't get a page
kmalloc: Subpage allocator couldn't get a page
kmalloc: Subpage allocator couldn't get a page
kmalloc: Subpage allocator couldn't get a page
kmalloc: Subpage allocator couldn't get a page
kmalloc: Subpage allocator couldn't get a page
kmalloc: Subpage allocator couldn't get a page
kmalloc: Subpage allocator couldn't get a page
kmalloc: Subpage allocator couldn't get a page
kmalloc: Subpage allocator couldn't get a page
kmalloc: Subpage allocator couldn't get a page
kmalloc: Subpage allocator couldn't get a page
kmalloc: Subpage allocator couldn't get a page
kmalloc: Subpage allocator couldn't get a page
kmalloc: Subpage allocator couldn't get a page
kmalloc: Subpage allocator couldn't get a page
kmalloc: Subpage allocator couldn't get a page
kmalloc: Subpage allocator couldn't get a page
kmalloc: Subpage allocator couldn't get a page
kmalloc: Subpage allocator couldn't get a page
kmalloc: Subpage allocator couldn't get a page
kmalloc: Subpage allocator couldn't get a page
kmalloc: Subpage allocator couldn't get a page
kmalloc: Subpage allocator couldn't get a page
kmalloc: Subpage allocator couldn't get a page
kmalloc: Subpage allocator couldn't get a page
kmalloc: Subpage allocator couldn't get a page
kmalloc: Subpage allocator couldn't get a page
kmalloc: Subpage allocator couldn't get a page
kmalloc: Subpage allocator couldn't get a page
kmalloc: Subpage allocator couldn't get a page
kmalloc: Subpage allocator couldn't get a page
kmalloc: Subpage allocator couldn't get a page
kmalloc: Subpage allocator couldn't get a page
kmalloc: Subpage allocator couldn't get a page
kmalloc: Subpage allocator couldn't get a page
kmalloc: Subpage allocator couldn't get a page
kmalloc: Subpage allocator couldn't get a page
kmalloc: Subpage allocator couldn't get a page
kmalloc: Subpage allocator couldn't get a page
kmalloc: Subpage allocator couldn't get a page
kmalloc: Subpage allocator couldn't get a page
kmalloc: Subpage allocator couldn't get a page
kmalloc: Subpage allocator couldn't get a page
kmalloc: Subpage allocator couldn't get a page
kmalloc: Subpage allocator couldn't get a page
kmalloc: Subpage allocator couldn't get a page
kmalloc: Subpage allocator couldn't get a page
kmalloc: Subpage allocator couldn't get a page
kmalloc: Subpage allocator couldn't get a page
kmalloc: Subpage allocator couldn't get a page
kmalloc: Subpage allocator couldn't get a page
kmalloc: Subpage allocator couldn't get a page
kmalloc: Subpage allocator couldn't get a page
kmalloc: Subpage allocator couldn't get a page
kmalloc: Subpage allocator couldn't get a page
kmalloc: Subpage allocator couldn't get a page
kmalloc: Subpage allocator couldn't get a page
kmalloc: Subpage allocator couldn't get a page
kmalloc: Subpage allocator couldn't get a page
kmalloc: Subpage allocator couldn't get a page
kmalloc: Subpage allocator couldn't get a page
kmalloc: Subpage allocator couldn't get a page
kmalloc: Subpage allocator couldn't get a page
kmalloc: Subpage allocator couldn't get a page
kmalloc: Subpage allocator couldn't get a page
kmalloc: Subpage allocator couldn't get a page
kmalloc: Subpage allocator couldn't get a page
kmalloc: Subpage allocator couldn't get a page
kmalloc: Subpage allocator couldn't get a page
kmalloc: Subpage allocator couldn't get a page
kmalloc: Subpage allocator couldn't get a page
kmalloc: Subpage allocator couldn't get a page
kmalloc: Subpage allocator couldn't get a page
kmalloc: Subpage allocator couldn't get a page
kmalloc: Subpage allocator couldn't get a page
kmalloc: Subpage allocator couldn't get a page
kmalloc: Subpage allocator couldn't get a page
kmalloc: Subpage allocator couldn't get a page
kmalloc: Subpage allocator couldn't get a page
kmalloc: Subpage allocator couldn't get a page
kmalloc: Subpage allocator couldn't get a page
kmalloc: Subpage allocator couldn't get a page
kmalloc: Subpage allocator couldn't get a page
kmalloc: Subpage allocator couldn't get a page
kmalloc: Subpage allocator couldn't get a page
kmalloc: Subpage allocator couldn't get a page
kmalloc: Subpage allocator couldn't get a page
kmalloc: Subpage allocator couldn't get a page
kmalloc: Subpage allocator couldn't get a page
kmalloc: Subpage allocator couldn't get a page
kmalloc: Subpage allocator couldn't get a page
kmalloc: Subpage allocator couldn't get a page
kmalloc: Subpage allocator couldn't get a page
kmalloc: Subpage allocator couldn't get a page
kmalloc: Subpage allocator couldn't get a page
kmalloc: Subpage allocator couldn't get a page
kmalloc: Subpage allocator couldn't get a page
kmalloc: Subpage allocator couldn't get a page
kmalloc: Subpage allocator couldn't get a page
kmalloc: Subpage allocator couldn't get a page
kmalloc: Subpage allocator couldn't get a page
kmalloc: Subpage allocator couldn't get a page
kmalloc: Subpage allocator couldn't get a page
kmalloc: Subpage allocator couldn't get a page
kmalloc: Subpage allocator couldn't get a page
kmalloc: Subpage allocator couldn't get a page
kmalloc: Subpage allocator couldn't get a page
kmalloc: Subpage allocator couldn't get a page
kmalloc: Subpage allocator couldn't get a page
kmalloc: Subpage allocator couldn't get a page
kmalloc: Subpage allocator couldn't get a page
kmalloc: Subpage allocator couldn't get a page
kmalloc: Subpage allocator couldn't get a page
kmalloc: Subpage allocator couldn't get a page
kmalloc: Subpage allocator couldn't get a page
kmalloc: Subpage allocator couldn't get a page
kmalloc: Subpage allocator couldn't get a page
kmalloc: Subpage allocator couldn't get a page
kmalloc: Subpage allocator couldn't get a page
kmalloc: Subpage allocator couldn't get a page
kmalloc: Subpage allocator couldn't get a page
kmalloc: Subpage allocator couldn't get a page
kmalloc: Subpage allocator couldn't get a page
kmalloc: Subpage allocator couldn't get a page
kmalloc: Subpage allocator couldn't get a page
kmalloc: Subpage allocator couldn't get a page
kmalloc: Subpage allocator couldn't get a page
kmalloc: Subpage allocator couldn't get a page
kmalloc: Subpage allocator couldn't get a page
kmalloc: Subpage allocator couldn't get a page
kmalloc: Subpage allocator couldn't get a page
kmalloc: Subpage allocator couldn't get a page
kmalloc: Subpage allocator couldn't get a page
kmalloc: Subpage allocator couldn't get a page
kmalloc: Subpage allocator couldn't get a page
kmalloc: Subpage allocator couldn't get a page
kmalloc: Subpage allocator couldn't get a page
kmalloc: Subpage allocator couldn't get a page
kmalloc: Subpage allocator couldn't get a page
kmalloc: Subpage allocator couldn't get a page
kmalloc: Subpage allocator couldn't get a page
kmalloc: Subpage allocator couldn't get a page
kmalloc: Subpage allocator couldn't get a page
kmalloc: Subpage allocator couldn't get a page
kmalloc: Subpage allocator couldn't get a page
kmalloc: Subpage allocator couldn't get a page
kmalloc: Subpage allocator couldn't get a page
kmalloc: Subpage allocator couldn't get a page
kmalloc: Subpage allocator couldn't get a page
kmalloc: Subpage allocator couldn't get a page
kmalloc: Subpage allocator couldn't get a page
kmalloc: Subpage allocator couldn't get a page
kmalloc: Subpage allocator couldn't get a page
kmalloc: Subpage allocator couldn't get a page
kmalloc: Subpage allocator couldn't get a page
kmalloc: Subpage allocator couldn't get a page
kmalloc: Subpage allocator couldn't get a page
kmalloc: Subpage allocator couldn't get a page
kmalloc: Subpage allocator couldn't get a page
kmalloc: Subpage allocator couldn't get a page
kmalloc: Subpage allocator couldn't get a page
kmalloc: Subpage allocator couldn't get a page
kmalloc: Subpage allocator couldn't get a page
kmalloc: Subpage allocator couldn't get a page
kmalloc: Subpage allocator couldn't get a page
kmalloc: Subpage allocator couldn't get a page
kmalloc: Subpage allocator couldn't get a page
kmalloc: Subpage allocator couldn't get a page
kmalloc: Subpage allocator couldn't get a page
kmalloc: Subpage allocator couldn't get a page
kmalloc: Subpage allocator couldn't get a page
kmalloc: Subpage allocator couldn't get a page
kmalloc: Subpage allocator couldn't get a page
kmalloc: Subpage allocator couldn't get a page
kmalloc: Subpage allocator couldn't get a page
kmalloc: Subpage allocator couldn't get a page
kmalloc: Subpage allocator couldn't get a page
kmalloc: Subpage allocator couldn't get a page
kmalloc: Subpage allocator couldn't get a page
kmalloc: Subpage allocator couldn't get a page
kmalloc: Subpage allocator couldn't get a page
kmalloc: Subpage allocator couldn't get a page
kmalloc: Subpage allocator couldn't get a page
kmalloc: Subpage allocator couldn't get a page
kmalloc: Subpage allocator couldn't get a page
kmalloc: Subpage allocator couldn't get a page
kmalloc: Subpage allocator couldn't get a page
kmalloc: Subpage allocator couldn't get a page
kmalloc: Subpage allocator couldn't get a page
kmalloc: Subpage allocator couldn't get a page
kmalloc: Subpage allocator couldn't get a page
kmalloc: Subpage allocator couldn't get a page
kmalloc: Subpage allocator couldn't get a page
kmalloc: Subpage allocator couldn't get a page
kmalloc: Subpage allocator couldn't get a page
kmalloc: Subpage allocator couldn't get a page
kmalloc: Subpage allocator couldn't get a page
kmalloc: Subpage allocator couldn't get a page
kmalloc: Subpage allocator couldn't get a page
kmalloc: Subpage allocator couldn't get a page
kmalloc: Subpage allocator couldn't get a page
kmalloc: Subpage allocator couldn't get a page
kmalloc: Subpage allocator couldn't get a page
kmalloc: Subpage allocator couldn't get a page
kmalloc: Subpage allocator couldn't get a page
kmalloc: Subpage allocator couldn't get a page
kmalloc: Subpage allocator couldn't get a page
kmalloc: Subpage allocator couldn't get a page
kmalloc: Subpage allocator couldn't get a page
kmalloc: Subpage allocator couldn't get a page
kmalloc: Subpage allocator couldn't get a page
kmalloc: Subpage allocator couldn't get a page
kmalloc: Subpage allocator couldn't get a page
kmalloc: Subpage allocator couldn't get a page
kmalloc: Subpage allocator couldn't get a page
kmalloc: Subpage allocator couldn't get a page
kmalloc: Subpage allocator couldn't get a page
kmalloc: Subpage allocator couldn't get a page
kmalloc: Subpage allocator couldn't get a page
kmalloc: Subpage allocator couldn't get a page
kmalloc: Subpage allocator couldn't get a page
kmalloc: Subpage allocator couldn't get a page
kmalloc: Subpage allocator couldn't get a page
kmalloc: Subpage allocator couldn't get a page
kmalloc: Subpage allocator couldn't get a page
kmalloc: Subpage allocator couldn't get a page
kmalloc: Subpage allocator couldn't get a page
kmalloc: Subpage allocator couldn't get a page
kmalloc: Subpage allocator couldn't get a page
kmalloc: Subpage allocator couldn't get a page
kmalloc: Subpage allocator couldn't get a page
kmalloc: Subpage allocator couldn't get a page
kmalloc: Subpage allocator couldn't get a page
kmalloc: Subpage allocator couldn't get a page
kmalloc: Subpage allocator couldn't get a page
kmalloc: Subpage allocator couldn't get a page
kmalloc: Subpage allocator couldn't get a page
kmalloc: Subpage allocator couldn't get a page
kmalloc: Subpage allocator couldn't get a page
kmalloc: Subpage allocator couldn't get a page
kmalloc: Subpage allocator couldn't get a page
kmalloc: Subpage allocator couldn't get a page
kmalloc: Subpage allocator couldn't get a page
kmalloc: Subpage allocator couldn't get a page
kmalloc: Subpage allocator couldn't get a page
kmalloc: Subpage allocator couldn't get a page
kmalloc: Subpage allocator couldn't get a page
kmalloc: Subpage allocator couldn't get a page
kmalloc: Subpage allocator couldn't get a page
kmalloc: Subpage allocator couldn't get a page
kmalloc: Subpage allocator couldn't get a page
kmalloc: Subpage allocator couldn't get a page
kmalloc: Subpage allocator couldn't get a page
kmalloc: Subpage allocator couldn't get a page
kmalloc: Subpage allocator couldn't get a page
kmalloc: Subpage allocator couldn't get a page
kmalloc: Subpage allocator couldn't get a page
kmalloc: Subpage allocator couldn't get a page
kmalloc: Subpage allocator couldn't get a page
kmalloc: Subpage allocator couldn't get a page
kmalloc: Subpage allocator couldn't get a page
kmalloc: Subpage allocator couldn't get a page
kmalloc: Subpage allocator couldn't get a page
kmalloc: Subpage allocator couldn't get a page
kmalloc: Subpage allocator couldn't get a page
kmalloc: Subpage allocator couldn't get a page
kmalloc: Subpage allocator couldn't get a page
kmalloc: Subpage allocator couldn't get a page
kmalloc: Subpage allocator couldn't get a page
kmalloc: Subpage allocator couldn't get a page
kmalloc: Subpage allocator couldn't get a page
kmalloc: Subpage allocator couldn't get a page
kmalloc: Subpage allocator couldn't get a page
kmalloc: Subpage allocator couldn't get a page
kmalloc: Subpage allocator couldn't get a page
kmalloc: Subpage allocator couldn't get a page
kmalloc: Subpage allocator couldn't get a page
kmalloc: Subpage allocator couldn't get a page
kmalloc: Subpage allocator couldn't get a page
kmalloc: Subpage allocator couldn't get a page
kmalloc: Subpage allocator couldn't get a page
kmalloc: Subpage allocator couldn't get a page
kmalloc: Subpage allocator couldn't get a page
kmalloc: Subpage allocator couldn't get a page
kmalloc: Subpage allocator couldn't get a page
kmalloc: Subpage allocator couldn't get a page
kmalloc: Subpage allocator couldn't get a page
kmalloc: Subpage allocator couldn't get a page
kmalloc: Subpage allocator couldn't get a page
kmalloc: Subpage allocator couldn't get a page
kmalloc: Subpage allocator couldn't get a page
kmalloc: Subpage allocator couldn't get a page
kmalloc: Subpage allocator couldn't get a page
kmalloc: Subpage allocator couldn't get a page
kmalloc: Subpage allocator couldn't get a page
kmalloc: Subpage allocator couldn't get a page
kmalloc: Subpage allocator couldn't get a page
kmalloc: Subpage allocator couldn't get a page
kmalloc: Subpage allocator couldn't get a page
kmalloc: Subpage allocator couldn't get a page
kmalloc: Subpage allocator couldn't get a page
kmalloc: Subpage allocator couldn't get a page
kmalloc: Subpage allocator couldn't get a page
kmalloc: Subpage allocator couldn't get a page
kmalloc: Subpage allocator couldn't get a page
kmalloc: Subpage allocator couldn't get a page
kmalloc: Subpage allocator couldn't get a page
kmalloc: Subpage allocator couldn't get a page
kmalloc: Subpage allocator couldn't get a page
kmalloc: Subpage allocator couldn't get a page
kmalloc: Subpage allocator couldn't get a page
kmalloc: Subpage allocator couldn't get a page
kmalloc: Subpage allocator couldn't get a page
kmalloc: Subpage allocator couldn't get a page
kmalloc: Subpage allocator couldn't get a page
kmalloc: Subpage allocator couldn't get a page
kmalloc: Subpage allocator couldn't get a page
kmalloc: Subpage allocator couldn't get a page
kmalloc: Subpage allocator couldn't get a page
kmalloc: Subpage allocator couldn't get a page
kmalloc: Subpage allocator couldn't get a page
kmalloc: Subpage allocator couldn't get a page
kmalloc: Subpage allocator couldn't get a page
kmalloc: Subpage allocator couldn't get a page
kmalloc: Subpage allocator couldn't get a page
kmalloc: Subpage allocator couldn't get a page
kmalloc: Subpage allocator couldn't get a page
kmalloc: Subpage allocator couldn't get a page
kmalloc: Subpage allocator couldn't get a page
kmalloc: Subpage allocator couldn't get a page
kmalloc: Subpage allocator couldn't get a page
kmalloc: Subpage allocator couldn't get a page
kmalloc: Subpage allocator couldn't get a page
kmalloc: Subpage allocator couldn't get a page
kmalloc: Subpage allocator couldn't get a page
kmalloc: Subpage allocator couldn't get a page
kmalloc: Subpage allocator couldn't get a page
kmalloc: Subpage allocator couldn't get a page
kmalloc: Subpage allocator couldn't get a page
kmalloc: Subpage allocator couldn't get a page
kmalloc: Subpage allocator couldn't get a page
kmalloc: Subpage allocator couldn't get a page
kmalloc: Subpage allocator couldn't get a page
kmalloc: Subpage allocator couldn't get a page
kmalloc: Subpage allocator couldn't get a page
kmalloc: Subpage allocator couldn't get a page
kmalloc: Subpage allocator couldn't get a page
kmalloc: Subpage allocator couldn't get a page
kmalloc: Subpage allocator couldn't get a page
kmalloc: Subpage allocator couldn't get a page
kmalloc: Subpage allocator couldn't get a page
kmalloc: Subpage allocator couldn't get a page
kmalloc: Subpage allocator couldn't get a page
kmalloc: Subpage allocator couldn't get a page
kmalloc: Subpage allocator couldn't get a page
kmalloc: Subpage allocator couldn't get a page
kmalloc: Subpage allocator couldn't get a page
kmalloc: Subpage allocator couldn't get a page
kmalloc: Subpage allocator couldn't get a page
kmalloc: Subpage allocator couldn't get a page
kmalloc: Subpage allocator couldn't get a page
kmalloc: Subpage allocator couldn't get a page
kmalloc: Subpage allocator couldn't get a page
kmalloc: Subpage allocator couldn't get a page
kmalloc: Subpage allocator couldn't get a page
kmalloc: Subpage allocator couldn't get a page
kmalloc: Subpage allocator couldn't get a page
kmalloc: Subpage allocator couldn't get a page
kmalloc: Subpage allocator couldn't get a page
kmalloc: Subpage allocator couldn't get a page
kmalloc: Subpage allocator couldn't get a page
kmalloc: Subpage allocator couldn't get a page
kmalloc: Subpage allocator couldn't get a page
kmalloc: Subpage allocator couldn't get a page
kmalloc: Subpage allocator couldn't get a page
kmalloc: Subpage allocator couldn't get a page
kmalloc: Subpage allocator couldn't get a page
kmalloc: Subpage allocator couldn't get a page
kmalloc: Subpage allocator couldn't get a page
kmalloc: Subpage allocator couldn't get a page
kmalloc: Subpage allocator couldn't get a page
kmalloc: Subpage allocator couldn't get a page
kmalloc: Subpage allocator couldn't get a page
kmalloc: Subpage allocator couldn't get a page
kmalloc: Subpage allocator couldn't get a page
kmalloc: Subpage allocator couldn't get a page
kmalloc: Subpage allocator couldn't get a page
kmalloc: Subpage allocator couldn't get a page
kmalloc: Subpage allocator couldn't get a page
kmalloc: Subpage allocator couldn't get a page
kmalloc: Subpage allocator couldn't get a page
kmalloc: Subpage allocator couldn't get a page
kmalloc: Subpage allocator couldn't get a page
kmalloc: Subpage allocator couldn't get a page
kmalloc: Subpage allocator couldn't get a page
kmalloc: Subpage allocator couldn't get a page
kmalloc: Subpage allocator couldn't get a page
kmalloc: Subpage allocator couldn't get a page
kmalloc: Subpage allocator couldn't get a page
kmalloc: Subpage allocator couldn't get a page
kmalloc: Subpage allocator couldn't get a page
kmalloc: Subpage allocator couldn't get a page
kmalloc: Subpage allocator couldn't get a page
kmalloc: Subpage allocator couldn't get a page
kmalloc: Subpage allocator couldn't get a page
kmalloc: Subpage allocator couldn't get a page
kmalloc: Subpage allocator couldn't get a page
kmalloc: Subpage allocator couldn't get a page
kmalloc: Subpage allocator couldn't get a page
kmalloc: Subpage allocator couldn't get a page
kmalloc: Subpage allocator couldn't get a page
kmalloc: Subpage allocator couldn't get a page
kmalloc: Subpage allocator couldn't get a page
kmalloc: Subpage allocator couldn't get a page
kmalloc: Subpage allocator couldn't get a page
kmalloc: Subpage allocator couldn't get a page
kmalloc: Subpage allocator couldn't get a page
kmalloc: Subpage allocator couldn't get a page
kmalloc: Subpage allocator couldn't get a page
kmalloc: Subpage allocator couldn't get a page
kmalloc: Subpage allocator couldn't get a page
kmalloc: Subpage allocator couldn't get a page
kmalloc: Subpage allocator couldn't get a page
kmalloc: Subpage allocator couldn't get a page
kmalloc: Subpage allocator couldn't get a page
kmalloc: Subpage allocator couldn't get a page
kmalloc: Subpage allocator couldn't get a page
kmalloc: Subpage allocator couldn't get a page
kmalloc: Subpage allocator couldn't get a page
kmalloc: Subpage allocator couldn't get a page
kmalloc: Subpage allocator couldn't get a page
kmalloc: Subpage allocator couldn't get a page
kmalloc: Subpage allocator couldn't get a page
kmalloc: Subpage allocator couldn't get a page
kmalloc: Subpage allocator couldn't get a page
kmalloc: Subpage allocator couldn't get a page
kmalloc: Subpage allocator couldn't get a page
kmalloc: Subpage allocator couldn't get a page
kmalloc: Subpage allocator couldn't get a page
kmalloc: Subpage allocator couldn't get a page
kmalloc: Subpage allocator couldn't get a page
kmalloc: Subpage allocator couldn't get a page
kmalloc: Subpage allocator couldn't get a page
kmalloc: Subpage allocator couldn't get a page
kmalloc: Subpage allocator couldn't get a page
kmalloc: Subpage allocator couldn't get a page
kmalloc: Subpage allocator couldn't get a page
kmalloc: Subpage allocator couldn't get a page
kmalloc: Subpage allocator couldn't get a page
kmalloc: Subpage allocator couldn't get a page
kmalloc: Subpage allocator couldn't get a page
kmalloc: Subpage allocator couldn't get a page
kmalloc: Subpage allocator couldn't get a page
kmalloc: Subpage allocator couldn't get a page
kmalloc: Subpage allocator couldn't get a page
kmalloc: Subpage allocator couldn't get a page
kmalloc: Subpage allocator couldn't get a page
kmalloc: Subpage allocator couldn't get a page
kmalloc: Subpage allocator couldn't get a page
kmalloc: Subpage allocator couldn't get a page
kmalloc: Subpage allocator couldn't get a page
kmalloc: Subpage allocator couldn't get a page
kmalloc: Subpage allocator couldn't get a page
kmalloc: Subpage allocator couldn't get a page
kmalloc: Subpage allocator couldn't get a page
kmalloc: Subpage allocator couldn't get a page
kmalloc: Subpage allocator couldn't get a page
kmalloc: Subpage allocator couldn't get a page
kmalloc: Subpage allocator couldn't get a page
kmalloc: Subpage allocator couldn't get a page
kmalloc: Subpage allocator couldn't get a page
kmalloc: Subpage allocator couldn't get a page
kmalloc: Subpage allocator couldn't get a page
kmalloc: Subpage allocator couldn't get a page
kmalloc: Subpage allocator couldn't get a page
kmalloc: Subpage allocator couldn't get a page
kmalloc: Subpage allocator couldn't get a page
kmalloc: Subpage allocator couldn't get a page
kmalloc: Subpage allocator couldn't get a page
kmalloc: Subpage allocator couldn't get a page
kmalloc: Subpage allocator couldn't get a page
kmalloc: Subpage allocator couldn't get a page
kmalloc: Subpage allocator couldn't get a page
kmalloc: Subpage allocator couldn't get a page
kmalloc: Subpage allocator couldn't get a page
kmalloc: Subpage allocator couldn't get a page
kmalloc: Subpage allocator couldn't get a page
kmalloc: Subpage allocator couldn't get a page
kmalloc: Subpage allocator couldn't get a page
kmalloc: Subpage allocator couldn't get a page
kmalloc: Subpage allocator couldn't get a page
kmalloc: Subpage allocator couldn't get a page
kmalloc: Subpage allocator couldn't get a page
kmalloc: Subpage allocator couldn't get a page
kmalloc: Subpage allocator couldn't get a page
kmalloc: Subpage allocator couldn't get a page
kmalloc: Subpage allocator couldn't get a page
kmalloc: Subpage allocator couldn't get a page
kmalloc: Subpage allocator couldn't get a page
kmalloc: Subpage allocator couldn't get a page
kmalloc: Subpage allocator couldn't get a page
kmalloc: Subpage allocator couldn't get a page
kmalloc: Subpage allocator couldn't get a page
kmalloc: Subpage allocator couldn't get a page
kmalloc: Subpage allocator couldn't get a page
kmalloc: Subpage allocator couldn't get a page
kmalloc: Subpage allocator couldn't get a page
kmalloc: Subpage allocator couldn't get a page
kmalloc: Subpage allocator couldn't get a page
kmalloc: Subpage allocator couldn't get a page
kmalloc: Subpage allocator couldn't get a page
kmalloc: Subpage allocator couldn't get a page
kmalloc: Subpage allocator couldn't get a page
kmalloc: Subpage allocator couldn't get a page
kmalloc: Subpage allocator couldn't get a page
kmalloc: Subpage allocator couldn't get a page
kmalloc: Subpage allocator couldn't get a page
kmalloc: Subpage allocator couldn't get a page
kmalloc: Subpage allocator couldn't get a page
kmalloc: Subpage allocator couldn't get a page
kmalloc: Subpage allocator couldn't get a page
kmalloc: Subpage allocator couldn't get a page
kmalloc: Subpage allocator couldn't get a page
kmalloc: Subpage allocator couldn't get a page
kmalloc: Subpage allocator couldn't get a page
kmalloc: Subpage allocator couldn't get a page
kmalloc: Subpage allocator couldn't get a page
kmalloc: Subpage allocator couldn't get a page
kmalloc: Subpage allocator couldn't get a page
kmalloc: Subpage allocator couldn't get a page
kmalloc: Subpage allocator couldn't get a page
kmalloc: Subpage allocator couldn't get a page
kmalloc: Subpage allocator couldn't get a page
kmalloc: Subpage allocator couldn't get a page
kmalloc: Subpage allocator couldn't get a page
kmalloc: Subpage allocator couldn't get a page
kmalloc: Subpage allocator couldn't get a page
kmalloc: Subpage allocator couldn't get a page
kmalloc: Subpage allocator couldn't get a page
kmalloc: Subpage allocator couldn't get a page
kmalloc: Subpage allocator couldn't get a page
kmalloc: Subpage allocator couldn't get a page
kmalloc: Subpage allocator couldn't get a page
kmalloc: Subpage allocator couldn't get a page
kmalloc: Subpage allocator couldn't get a page
kmalloc: Subpage allocator couldn't get a page
kmalloc: Subpage allocator couldn't get a page
kmalloc: Subpage allocator couldn't get a page
kmalloc: Subpage allocator couldn't get a page
kmalloc: Subpage allocator couldn't get a page
kmalloc: Subpage allocator couldn't get a page
kmalloc: Subpage allocator couldn't get a page
kmalloc: Subpage allocator couldn't get a page
kmalloc: Subpage allocator couldn't get a page
kmalloc: Subpage allocator couldn't get a page
kmalloc: Subpage allocator couldn't get a page
kmalloc: Subpage allocator couldn't get a page
kmalloc: Subpage allocator couldn't get a page
kmalloc: Subpage allocator couldn't get a page
kmalloc: Subpage allocator couldn't get a page
kmalloc: Subpage allocator couldn't get a page
kmalloc: Subpage allocator couldn't get a page
kmalloc: Subpage allocator couldn't get a page
kmalloc: Subpage allocator couldn't get a page
kmalloc: Subpage allocator couldn't get a page
kmalloc: Subpage allocator couldn't get a page
kmalloc: Subpage allocator couldn't get a page
kmalloc: Subpage allocator couldn't get a page
kmalloc: Subpage allocator couldn't get a page
kmalloc: Subpage allocator couldn't get a page
kmalloc: Subpage allocator couldn't get a page
kmalloc: Subpage allocator couldn't get a page
kmalloc: Subpage allocator couldn't get a page
kmalloc: Subpage allocator couldn't get a page
kmalloc: Subpage allocator couldn't get a page
kmalloc: Subpage allocator couldn't get a page
kmalloc: Subpage allocator couldn't get a page
kmalloc: Subpage allocator couldn't get a page
kmalloc: Subpage allocator couldn't get a page
kmalloc: Subpage allocator couldn't get a page
kmalloc: Subpage allocator couldn't get a page
kmalloc: Subpage allocator couldn't get a page
kmalloc: Subpage allocator couldn't get a page
kmalloc: Subpage allocator couldn't get a page
kmalloc: Subpage allocator couldn't get a page
kmalloc: Subpage allocator couldn't get a page
kmalloc: Subpage allocator couldn't get a page
kmalloc: Subpage allocator couldn't get a page
kmalloc: Subpage allocator couldn't get a page
kmalloc: Subpage allocator couldn't get a page
kmalloc: Subpage allocator couldn't get a page
kmalloc: Subpage allocator couldn't get a page
kmalloc: Subpage allocator couldn't get a page
kmalloc: Subpage allocator couldn't get a page
kmalloc: Subpage allocator couldn't get a page
kmalloc: Subpage allocator couldn't get a page
kmalloc: Subpage allocator couldn't get a page
kmalloc: Subpage allocator couldn't get a page
kmalloc: Subpage allocator couldn't get a page
kmalloc: Subpage allocator couldn't get a page
kmalloc: Subpage allocator couldn't get a page
kmalloc: Subpage allocator couldn't get a page
kmalloc: Subpage allocator couldn't get a page
kmalloc: Subpage allocator couldn't get a page
kmalloc: Subpage allocator couldn't get a page
kmalloc: Subpage allocator couldn't get a page
kmalloc: Subpage allocator couldn't get a page
kmalloc: Subpage allocator couldn't get a page
kmalloc: Subpage allocator couldn't get a page
kmalloc: Subpage allocator couldn't get a page
kmalloc: Subpage allocator couldn't get a page
kmalloc: Subpage allocator couldn't get a page
kmalloc: Subpage allocator couldn't get a page
kmalloc: Subpage allocator couldn't get a page
kmalloc: Subpage allocator couldn't get a page
kmalloc: Subpage allocator couldn't get a page
kmalloc: Subpage allocator couldn't get a page
kmalloc: Subpage allocator couldn't get a page
kmalloc: Subpage allocator couldn't get a page
kmalloc: Subpage allocator couldn't get a page
kmalloc: Subpage allocator couldn't get a page
kmalloc: Subpage allocator couldn't get a page
kmalloc: Subpage allocator couldn't get a page
kmalloc: Subpage allocator couldn't get a page
kmalloc: Subpage allocator couldn't get a page
kmalloc: Subpage allocator couldn't get a page
kmalloc: Subpage allocator couldn't get a page
kmalloc: Subpage allocator couldn't get a page
kmalloc: Subpage allocator couldn't get a page
kmalloc: Subpage allocator couldn't get a page
kmalloc: Subpage allocator couldn't get a page
kmalloc: Subpage allocator couldn't get a page
kmalloc: Subpage allocator couldn't get a page
kmalloc: Subpage allocator couldn't get a page
kmalloc: Subpage allocator couldn't get a page
kmalloc: Subpage allocator couldn't get a page
kmalloc: Subpage allocator couldn't get a page
kmalloc: Subpage allocator couldn't get a page
kmalloc: Subpage allocator couldn't get a page
kmalloc: Subpage allocator couldn't get a page
kmalloc: Subpage allocator couldn't get a page
kmalloc: Subpage allocator couldn't get a page
kmalloc: Subpage allocator couldn't get a page
kmalloc: Subpage allocator couldn't get a page
kmalloc: Subpage allocator couldn't get a page
kmalloc: Subpage allocator couldn't get a page
kmalloc: Subpage allocator couldn't get a page
kmalloc: Subpage allocator couldn't get a page
kmalloc: Subpage allocator couldn't get a page
kmalloc: Subpage allocator couldn't get a page
kmalloc: Subpage allocator couldn't get a page
kmalloc: Subpage allocator couldn't get a page
kmalloc: Subpage allocator couldn't get a page
kmalloc: Subpage allocator couldn't get a page
kmalloc: Subpage allocator couldn't get a page
kmalloc: Subpage allocator couldn't get a page
kmalloc: Subpage allocator couldn't get a page
kmalloc: Subpage allocator couldn't get a page
kmalloc: Subpage allocator couldn't get a page
kmalloc: Subpage allocator couldn't get a page
kmalloc: Subpage allocator couldn't get a page
kmalloc: Subpage allocator couldn't get a page
kmalloc: Subpage allocator couldn't get a page
kmalloc: Subpage allocator couldn't get a page
kmalloc: Subpage allocator couldn't get a page
kmalloc: Subpage allocator couldn't get a page
kmalloc: Subpage allocator couldn't get a page
kmalloc: Subpage allocator couldn't get a page
kmalloc: Subpage allocator couldn't get a page
kmalloc: Subpage allocator couldn't get a page
kmalloc: Subpage allocator couldn't get a page
kmalloc: Subpage allocator couldn't get a page
kmalloc: Subpage allocator couldn't get a page
kmalloc: Subpage allocator couldn't get a page
kmalloc: Subpage allocator couldn't get a page
kmalloc: Subpage allocator couldn't get a page
kmalloc: Subpage allocator couldn't get a page
kmalloc: Subpage allocator couldn't get a page
kmalloc: Subpage allocator couldn't get a page
kmalloc: Subpage allocator couldn't get a page
kmalloc: Subpage allocator couldn't get a page
kmalloc: Subpage allocator couldn't get a page
kmalloc: Subpage allocator couldn't get a page
kmalloc: Subpage allocator couldn't get a page
kmalloc: Subpage allocator couldn't get a page
kmalloc: Subpage allocator couldn't get a page
kmalloc: Subpage allocator couldn't get a page
kmalloc: Subpage allocator couldn't get a page
kmalloc: Subpage allocator couldn't get a page
kmalloc: Subpage allocator couldn't get a page
kmalloc: Subpage allocator couldn't get a page
kmalloc: Subpage allocator couldn't get a page
kmalloc: Subpage allocator couldn't get a page
kmalloc: Subpage allocator couldn't get a page
kmalloc: Subpage allocator couldn't get a page
kmalloc: Subpage allocator couldn't get a page
kmalloc: Subpage allocator couldn't get a page
kmalloc: Subpage allocator couldn't get a page
kmalloc: Subpage allocator couldn't get a page
kmalloc: Subpage allocator couldn't get a page
kmalloc: Subpage allocator couldn't get a page
kmalloc: Subpage allocator couldn't get a page
kmalloc: Subpage allocator couldn't get a page
kmalloc: Subpage allocator couldn't get a page
kmalloc: Subpage allocator couldn't get a page
kmalloc: Subpage allocator couldn't get a page
kmalloc: Subpage allocator couldn't get a page
kmalloc: Subpage allocator couldn't get a page
kmalloc: Subpage allocator couldn't get a page
kmalloc: Subpage allocator couldn't get a page
kmalloc: Subpage allocator couldn't get a page
kmalloc: Subpage allocator couldn't get a page
kmalloc: Subpage allocator couldn't get a page
kmalloc: Subpage allocator couldn't get a page
kmalloc: Subpage allocator couldn't get a page
kmalloc: Subpage allocator couldn't get a page
kmalloc: Subpage allocator couldn't get a page
kmalloc: Subpage allocator couldn't get a page
kmalloc: Subpage allocator couldn't get a page
kmalloc: Subpage allocator couldn't get a page
kmalloc: Subpage allocator couldn't get a page
kmalloc: Subpage allocator couldn't get a page
kmalloc: Subpage allocator couldn't get a page
kmalloc: Subpage allocator couldn't get a page
kmalloc: Subpage allocator couldn't get a page
kmalloc: Subpage allocator couldn't get a page
kmalloc: Subpage allocator couldn't get a page
kmalloc: Subpage allocator couldn't get a page
kmalloc: Subpage allocator couldn't get a page
kmalloc: Subpage allocator couldn't get a page
kmalloc: Subpage allocator couldn't get a page
kmalloc: Subpage allocator couldn't get a page
kmalloc: Subpage allocator couldn't get a page
kmalloc: Subpage allocator couldn't get a page
kmalloc: Subpage allocator couldn't get a page
kmalloc: Subpage allocator couldn't get a page
kmalloc: Subpage allocator couldn't get a page
kmalloc: Subpage allocator couldn't get a page
kmalloc: Subpage allocator couldn't get a page
kmalloc: Subpage allocator couldn't get a page
kmalloc: Subpage allocator couldn't get a page
kmalloc: Subpage allocator couldn't get a page
kmalloc: Subpage allocator couldn't get a page
kmalloc: Subpage allocator couldn't get a page
kmalloc: Subpage allocator couldn't get a page
kmalloc: Subpage allocator couldn't get a page
kmalloc: Subpage allocator couldn't get a page
kmalloc: Subpage allocator couldn't get a page
kmalloc: Subpage allocator couldn't get a page
kmalloc: Subpage allocator couldn't get a page
kmalloc: Subpage allocator couldn't get a page
kmalloc: Subpage allocator couldn't get a page
kmalloc: Subpage allocator couldn't get a page
kmalloc: Subpage allocator couldn't get a page
kmalloc: Subpage allocator couldn't get a page
kmalloc: Subpage allocator couldn't get a page
kmalloc: Subpage allocator couldn't get a page
kmalloc: Subpage allocator couldn't get a page
kmalloc: Subpage allocator couldn't get a page
kmalloc: Subpage allocator couldn't get a page
kmalloc: Subpage allocator couldn't get a page
kmalloc: Subpage allocator couldn't get a page
kmalloc: Subpage allocator couldn't get a page
kmalloc: Subpage allocator couldn't get a page
kmalloc: Subpage allocator couldn't get a page
kmalloc: Subpage allocator couldn't get a page
kmalloc: Subpage allocator couldn't get a page
kmalloc: Subpage allocator couldn't get a page
kmalloc: Subpage allocator couldn't get a page
kmalloc: Subpage allocator couldn't get a page
kmalloc: Subpage allocator couldn't get a page
kmalloc: Subpage allocator couldn't get a page
kmalloc: Subpage allocator couldn't get a page
kmalloc: Subpage allocator couldn't get a page
kmalloc: Subpage allocator couldn't get a page
kmalloc: Subpage allocator couldn't get a page
kmalloc: Subpage allocator couldn't get a page
kmalloc: Subpage allocator couldn't get a page
kmalloc: Subpage allocator couldn't get a page
kmalloc: Subpage allocator couldn't get a page
kmalloc: Subpage allocator couldn't get a page
kmalloc: Subpage allocator couldn't get a page
kmalloc: Subpage allocator couldn't get a page
kmalloc: Subpage allocator couldn't get a page
kmalloc: Subpage allocator couldn't get a page
kmalloc: Subpage allocator couldn't get a page
kmalloc: Subpage allocator couldn't get a page
kmalloc: Subpage allocator couldn't get a page
kmalloc: Subpage allocator couldn't get a page
kmalloc: Subpage allocator couldn't get a page
kmalloc: Subpage allocator couldn't get a page
kmalloc: Subpage allocator couldn't get a page
kmalloc: Subpage allocator couldn't get a page
kmalloc: Subpage allocator couldn't get a page
kmalloc: Subpage allocator couldn't get a page
kmalloc: Subpage allocator couldn't get a page
kmalloc: Subpage allocator couldn't get a page
kmalloc: Subpage allocator couldn't get a page
kmalloc: Subpage allocator couldn't get a page
kmalloc: Subpage allocator couldn't get a page
kmalloc: Subpage allocator couldn't get a page
kmalloc: Subpage allocator couldn't get a page
kmalloc: Subpage allocator couldn't get a page
kmalloc: Subpage allocator couldn't get a page
kmalloc: Subpage allocator couldn't get a page
kmalloc: Subpage allocator couldn't get a page
kmalloc: Subpage allocator couldn't get a page
kmalloc: Subpage allocator couldn't get a page
kmalloc: Subpage allocator couldn't get a page
kmalloc: Subpage allocator couldn't get a page
kmalloc: Subpage allocator couldn't get a page
kmalloc: Subpage allocator couldn't get a page
kmalloc: Subpage allocator couldn't get a page
kmalloc: Subpage allocator couldn't get a page
kmalloc: Subpage allocator couldn't get a page
kmalloc: Subpage allocator couldn't get a page
kmalloc: Subpage allocator couldn't get a page
kmalloc: Subpage allocator couldn't get a page
kmalloc: Subpage allocator couldn't get a page
kmalloc: Subpage allocator couldn't get a page
kmalloc: Subpage allocator couldn't get a page
kmalloc: Subpage allocator couldn't get a page
kmalloc: Subpage allocator couldn't get a page
kmalloc: Subpage allocator couldn't get a page
kmalloc: Subpage allocator couldn't get a page
kmalloc: Subpage allocator couldn't get a page
kmalloc: Subpage allocator couldn't get a page
kmalloc: Subpage allocator couldn't get a page
kmalloc: Subpage allocator couldn't get a page
kmalloc: Subpage allocator couldn't get a page
kmalloc: Subpage allocator couldn't get a page
kmalloc: Subpage allocator couldn't get a page
kmalloc: Subpage allocator couldn't get a page
kmalloc: Subpage allocator couldn't get a page
kmalloc: Subpage allocator couldn't get a page
kmalloc: Subpage allocator couldn't get a page
kmalloc: Subpage allocator couldn't get a page
kmalloc: Subpage allocator couldn't get a page
kmalloc: Subpage allocator couldn't get a page
kmalloc: Subpage allocator couldn't get a page
kmalloc: Subpage allocator couldn't get a page
kmalloc: Subpage allocator couldn't get a page
kmalloc: Subpage allocator couldn't get a page
kmalloc: Subpage allocator couldn't get a page
kmalloc: Subpage allocator couldn't get a page
kmalloc: Subpage allocator couldn't get a page
kmalloc: Subpage allocator couldn't get a page
kmalloc: Subpage allocator couldn't get a page
kmalloc: Subpage allocator couldn't get a page
kmalloc: Subpage allocator couldn't get a page
kmalloc: Subpage allocator couldn't get a page
kmalloc: Subpage allocator couldn't get a page
kmalloc: Subpage allocator couldn't get a page
kmalloc: Subpage allocator couldn't get a page
kmalloc: Subpage allocator couldn't get a page
kmalloc: Subpage allocator couldn't get a page
kmalloc: Subpage allocator couldn't get a page
kmalloc: Subpage allocator couldn't get a page
kmalloc: Subpage allocator couldn't get a page
kmalloc: Subpage allocator couldn't get a page
kmalloc: Subpage allocator couldn't get a page
kmalloc: Subpage allocator couldn't get a page
kmalloc: Subpage allocator couldn't get a page
kmalloc: Subpage allocator couldn't get a page
kmalloc: Subpage allocator couldn't get a page
kmalloc: Subpage allocator couldn't get a page
kmalloc: Subpage allocator couldn't get a page
kmalloc: Subpage allocator couldn't get a page
kmalloc: Subpage allocator couldn't get a page
kmalloc: Subpage allocator couldn't get a page
kmalloc: Subpage allocator couldn't get a page
kmalloc: Subpage allocator couldn't get a page
kmalloc: Subpage allocator couldn't get a page
kmalloc: Subpage allocator couldn't get a page
kmalloc: Subpage allocator couldn't get a page
kmalloc: Subpage allocator couldn't get a page
kmalloc: Subpage allocator couldn't get a page
kmalloc: Subpage allocator couldn't get a page
kmalloc: Subpage allocator couldn't get a page
kmalloc: Subpage allocator couldn't get a page
kmalloc: Subpage allocator couldn't get a page
kmalloc: Subpage allocator couldn't get a page
kmalloc: Subpage allocator couldn't get a page
kmalloc: Subpage allocator couldn't get a page
kmalloc: Subpage allocator couldn't get a page
kmalloc: Subpage allocator couldn't get a page
kmalloc: Subpage allocator couldn't get a page
kmalloc: Subpage allocator couldn't get a page
kmalloc: Subpage allocator couldn't get a page
kmalloc: Subpage allocator couldn't get a page
kmalloc: Subpage allocator couldn't get a page
kmalloc: Subpage allocator couldn't get a page
kmalloc: Subpage allocator couldn't get a page
kmalloc: Subpage allocator couldn't get a page
kmalloc: Subpage allocator couldn't get a page
kmalloc: Subpage allocator couldn't get a page
kmalloc: Subpage allocator couldn't get a page
kmalloc: Subpage allocator couldn't get a page
kmalloc: Subpage allocator couldn't get a page
kmalloc: Subpage allocator couldn't get a page
kmalloc: Subpage allocator couldn't get a page
kmalloc: Subpage allocator couldn't get a page
kmalloc: Subpage allocator couldn't get a page
kmalloc: Subpage allocator couldn't get a page
kmalloc: Subpage allocator couldn't get a page
kmalloc: Subpage allocator couldn't get a page
kmalloc: Subpage allocator couldn't get a page
kmalloc: Subpage allocator couldn't get a page
kmalloc: Subpage allocator couldn't get a page
kmalloc: Subpage allocator couldn't get a page
kmalloc: Subpage allocator couldn't get a page
kmalloc: Subpage allocator couldn't get a page
kmalloc: Subpage allocator couldn't get a page
kmalloc: Subpage allocator couldn't get a page
kmalloc: Subpage allocator couldn't get a page
kmalloc: Subpage allocator couldn't get a page
kmalloc: Subpage allocator couldn't get a page
kmalloc: Subpage allocator couldn't get a page
kmalloc: Subpage allocator couldn't get a page
kmalloc: Subpage allocator couldn't get a page
kmalloc: Subpage allocator couldn't get a page
kmalloc: Subpage allocator couldn't get a page
kmalloc: Subpage allocator couldn't get a page
kmalloc: Subpage allocator couldn't get a page
kmalloc: Subpage allocator couldn't get a page
kmalloc: Subpage allocator couldn't get a page
kmalloc: Subpage allocator couldn't get a page
kmalloc: Subpage allocator couldn't get a page
kmalloc: Subpage allocator couldn't get a page
kmalloc: Subpage allocator couldn't get a page
kmalloc: Subpage allocator couldn't get a page
kmalloc: Subpage allocator couldn't get a page
kmalloc: Subpage allocator couldn't get a page
kmalloc: Subpage allocator couldn't get a page
kmalloc: Subpage allocator couldn't get a page
kmalloc: Subpage allocator couldn't get a page
kmalloc: Subpage allocator couldn't get a page
kmalloc: Subpage allocator couldn't get a page
kmalloc: Subpage allocator couldn't get a page
kmalloc: Subpage allocator couldn't get a page
kmalloc: Subpage allocator couldn't get a page
kmalloc: Subpage allocator couldn't get a page
kmalloc: Subpage allocator couldn't get a page
kmalloc: Subpage allocator couldn't get a page
kmalloc: Subpage allocator couldn't get a page
kmalloc: Subpage allocator couldn't get a page
kmalloc: Subpage allocator couldn't get a page
kmalloc: Subpage allocator couldn't get a page
kmalloc: Subpage allocator couldn't get a page
kmalloc: Subpage allocator couldn't get a page
kmalloc: Subpage allocator couldn't get a page
kmalloc: Subpage allocator couldn't get a page
kmalloc: Subpage allocator couldn't get a page
kmalloc: Subpage allocator couldn't get a page
kmalloc: Subpage allocator couldn't get a page
kmalloc: Subpage allocator couldn't get a page
kmalloc: Subpage allocator couldn't get a page
kmalloc: Subpage allocator couldn't get a page
kmalloc: Subpage allocator couldn't get a page
kmalloc: Subpage allocator couldn't get a page
kmalloc: Subpage allocator couldn't get a page
kmalloc: Subpage allocator couldn't get a page
kmalloc: Subpage allocator couldn't get a page
kmalloc: Subpage allocator couldn't get a page
kmalloc: Subpage allocator couldn't get a page
kmalloc: Subpage allocator couldn't get a page
kmalloc: Subpage allocator couldn't get a page
kmalloc: Subpage allocator couldn't get a page
kmalloc: Subpage allocator couldn't get a page
kmalloc: Subpage allocator couldn't get a page
kmalloc: Subpage allocator couldn't get a page
kmalloc: Subpage allocator couldn't get a page
kmalloc: Subpage allocator couldn't get a page
kmalloc: Subpage allocator couldn't get a page
kmalloc: Subpage allocator couldn't get a page
kmalloc: Subpage allocator couldn't get a page
kmalloc: Subpage allocator couldn't get a page
kmalloc: Subpage allocator couldn't get a page
kmalloc: Subpage allocator couldn't get a page
kmalloc: Subpage allocator couldn't get a page
kmalloc: Subpage allocator couldn't get a page
kmalloc: Subpage allocator couldn't get a page
kmalloc: Subpage allocator couldn't get a page
kmalloc: Subpage allocator couldn't get a page
kmalloc: Subpage allocator couldn't get a page
kmalloc: Subpage allocator couldn't get a page
kmalloc: Subpage allocator couldn't get a page
kmalloc: Subpage allocator couldn't get a page
kmalloc: Subpage allocator couldn't get a page
kmalloc: Subpage allocator couldn't get a page
kmalloc: Subpage allocator couldn't get a page
kmalloc: Subpage allocator couldn't get a page
kmalloc: Subpage allocator couldn't get a page
kmalloc: Subpage allocator couldn't get a page
kmalloc: Subpage allocator couldn't get a page
kmalloc: Subpage allocator couldn't get a page
kmalloc: Subpage allocator couldn't get a page
kmalloc: Subpage allocator couldn't get a page
kmalloc: Subpage allocator couldn't get a page
kmalloc: Subpage allocator couldn't get a page
kmalloc: Subpage allocator couldn't get a page
kmalloc: Subpage allocator couldn't get a page
kmalloc: Subpage allocator couldn't get a page
kmalloc: Subpage allocator couldn't get a page
kmalloc: Subpage allocator couldn't get a page
kmalloc: Subpage allocator couldn't get a page
kmalloc: Subpage allocator couldn't get a page
kmalloc: Subpage allocator couldn't get a page
kmalloc: Subpage allocator couldn't get a page
kmalloc: Subpage allocator couldn't get a page
kmalloc: Subpage allocator couldn't get a page
kmalloc: Subpage allocator couldn't get a page
kmalloc: Subpage allocator couldn't get a page
kmalloc: Subpage allocator couldn't get a page
kmalloc: Subpage allocator couldn't get a page
kmalloc: Subpage allocator couldn't get a page
kmalloc: Subpage allocator couldn't get a page
kmalloc: Subpage allocator couldn't get a page
kmalloc: Subpage allocator couldn't get a page
kmalloc: Subpage allocator couldn't get a page
kmalloc: Subpage allocator couldn't get a page
kmalloc: Subpage allocator couldn't get a page
kmalloc: Subpage allocator couldn't get a page
kmalloc: Subpage allocator couldn't get a page
kmalloc: Subpage allocator couldn't get a page
kmalloc: Subpage allocator couldn't get a page
kmalloc: Subpage allocator couldn't get a page
kmalloc: Subpage allocator couldn't get a page
kmalloc: Subpage allocator couldn't get a page
kmallsys161: System/161 release 1.14, compiled Jan 13 2015 13:55:47

OS/161 base system version 1.11
Copyright (c) 2000, 2001, 2002, 2003
   President and Fellows of Harvard College.  All rights reserved.

Jason's system version 0 (ASST2 #1)

Cpu is MIPS r2000/r3000
1788k physical memory available
Device probe...
lamebus0 (system main bus)
emu0 at lamebus0
ltrace0 at lamebus0
ltimer0 at lamebus0
hardclock on ltimer0 (100 hz)
beep0 at ltimer0
rtclock0 at ltimer0
lrandom0 at lamebus0
random0 at lrandom0
lhd0 at lamebus0
lhd1 at lamebus0
lser0 at lamebus0
con0 at lser0
pseudorand0 (virtual)

OS/161 kernel [? for menu]: p /testbin/os161testerprog 
p /testbin/os161testerprog 
[a] read from NULL
[b] read from invalid address
[c] read from kernel address
[d] write to NULL
[e] write to invalid address
[f] write to code segment
[g] write to kernel address
[h] jump to NULL
[i] jump to invalid address
[j] jump to kernel address
[k] alignment error
[l] illegal instruction
[m] divide by zero
[n] mod by zero
[o] Recurse infinitely
[*] Run everything (in subprocesses)
Note: [f] may not cause an exception on some platforms, in which
case it'll appear to fail.
Choose:a aFatal user mode trap 2 (TLB miss on load, epc 0x400100, vaddr 0x0)
Operation took 0.163788080 seconds
OS/161 kernel [? for menu]: p /testbin/os161testerprog 
p /testbin/os161testerprog 
[a] read from NULL
[b] read from invalid address
[c] read from kernel address
[d] write to NULL
[e] write to invalid address
[f] write to code segment
[g] write to kernel address
[h] jump to NULL
[i] jump to invalid address
[j] jump to kernel address
[k] alignment error
[l] illegal instruction
[m] divide by zero
[n] mod by zero
[o] Recurse infinitely
[*] Run everything (in subprocesses)
Note: [f] may not cause an exception on some platforms, in which
case it'll appear to fail.
Choose: bbFatal user mode trap 2 (TLB miss on load, epc 0x400118, vaddr 0x40000000)
Operation took 0.165346480 seconds
OS/161 kernel [? for menu]: p /testbin/os161testerprog 
p /testbin/os161testerprog 
[a] read from NULL
[b] read from invalid address
[c] read from kernel address
[d] write to NULL
[e] write to invalid address
[f] write to code segment
[g] write to kernel address
[h] jump to NULL
[i] jump to invalid address
[j] jump to kernel address
[k] alignment error
[l] illegal instruction
[m] divide by zero
[n] mod by zero
[o] Recurse infinitely
[*] Run everything (in subprocesses)
Note: [f] may not cause an exception on some platforms, in which
case it'll appear to fail.
Choose:c cFatal user mode trap 4 (Address error on load, epc 0x400130, vaddr 0x80000000)
Operation took 0.166332520 seconds
OS/161 kernel [? for menu]: p /testbin/os161testerprog 
p /testbin/os161testerprog 
[a] read from NULL
[b] read from invalid address
[c] read from kernel address
[d] write to NULL
[e] write to invalid address
[f] write to code segment
[g] write to kernel address
[h] jump to NULL
[i] jump to invalid address
[j] jump to kernel address
[k] alignment error
[l] illegal instruction
[m] divide by zero
[n] mod by zero
[o] Recurse infinitely
[*] Run everything (in subprocesses)
Note: [f] may not cause an exception on some platforms, in which
case it'll appear to fail.
Choose:d dFatal user mode trap 3 (TLB miss on store, epc 0x400148, vaddr 0x0)
Operation took 0.163961400 seconds
OS/161 kernel [? for menu]: p /testbin/os161testerprog 
p /testbin/os161testerprog 
[a] read from NULL
[b] read from invalid address
[c] read from kernel address
[d] write to NULL
[e] write to invalid address
[f] write to code segment
[g] write to kernel address
[h] jump to NULL
[i] jump to invalid address
[j] jump to kernel address
[k] alignment error
[l] illegal instruction
[m] divide by zero
[n] mod by zero
[o] Recurse infinitely
[*] Run everything (in subprocesses)
Note: [f] may not cause an exception on some platforms, in which
case it'll appear to fail.
Choose:e eFatal user mode trap 3 (TLB miss on store, epc 0x400158, vaddr 0x40000000)
Operation took 0.165420040 seconds
OS/161 kernel [? for menu]: p /testbin/os161testerprog 
p /testbin/os161testerprog 
[a] read from NULL
[b] read from invalid address
[c] read from kernel address
[d] write to NULL
[e] write to invalid address
[f] write to code segment
[g] write to kernel address
[h] jump to NULL
[i] jump to invalid address
[j] jump to kernel address
[k] alignment error
[l] illegal instruction
[m] divide by zero
[n] mod by zero
[o] Recurse infinitely
[*] Run everything (in subprocesses)
Note: [f] may not cause an exception on some platforms, in which
case it'll appear to fail.
Choose:g gFatal user mode trap 5 (Address error on store, epc 0x400178, vaddr 0x80000000)
Operation took 0.166288760 seconds
OS/161 kernel [? for menu]: p /testbin/os161testerprog 
p /testbin/os161testerprog 
[a] read from NULL
[b] read from invalid address
[c] read from kernel address
[d] write to NULL
[e] write to invalid address
[f] write to code segment
[g] write to kernel address
[h] jump to NULL
[i] jump to invalid address
[j] jump to kernel address
[k] alignment error
[l] illegal instruction
[m] divide by zero
[n] mod by zero
[o] Recurse infinitely
[*] Run everything (in subprocesses)
Note: [f] may not cause an exception on some platforms, in which
case it'll appear to fail.
Choose: hhFatal user mode trap 2 (TLB miss on load, epc 0x40018c, vaddr 0x0)
Operation took 0.163962200 seconds
OS/161 kernel [? for menu]: p /testbin/os161testerprog 
p /testbin/os161testerprog 
[a] read from NULL
[b] read from invalid address
[c] read from kernel address
[d] write to NULL
[e] write to invalid address
[f] write to code segment
[g] write to kernel address
[h] jump to NULL
[i] jump to invalid address
[j] jump to kernel address
[k] alignment error
[l] illegal instruction
[m] divide by zero
[n] mod by zero
[o] Recurse infinitely
[*] Run everything (in subprocesses)
Note: [f] may not cause an exception on some platforms, in which
case it'll appear to fail.
Choose:i iFatal user mode trap 2 (TLB miss on load, epc 0x4001b0, vaddr 0x40000000)
Operation took 0.165116720 seconds
OS/161 kernel [? for menu]: p /testbin/os161testerprog 
p /testbin/os161testerprog 
[a] read from NULL
[b] read from invalid address
[c] read from kernel address
[d] write to NULL
[e] write to invalid address
[f] write to code segment
[g] write to kernel address
[h] jump to NULL
[i] jump to invalid address
[j] jump to kernel address
[k] alignment error
[l] illegal instruction
[m] divide by zero
[n] mod by zero
[o] Recurse infinitely
[*] Run everything (in subprocesses)
Note: [f] may not cause an exception on some platforms, in which
case it'll appear to fail.
Choose: jjFatal user mode trap 4 (Address error on load, epc 0x4001d4, vaddr 0x80000000)
Operation took 0.186354080 seconds
OS/161 kernel [? for menu]: p /testbin/os161testerprog 
p /testbin/os161testerprog 
[a] read from NULL
[b] read from invalid address
[c] read from kernel address
[d] write to NULL
[e] write to invalid address
[f] write to code segment
[g] write to kernel address
[h] jump to NULL
[i] jump to invalid address
[j] jump to kernel address
[k] alignment error
[l] illegal instruction
[m] divide by zero
[n] mod by zero
[o] Recurse infinitely
[*] Run everything (in subprocesses)
Note: [f] may not cause an exception on some platforms, in which
case it'll appear to fail.
Choose:k kFatal user mode trap 4 (Address error on load, epc 0x4001fc, vaddr 0x7fffff9d)
Operation took 0.186312440 seconds
OS/161 kernel [? for menu]: p /testbin/os161testerprog 
p /testbin/os161testerprog 
[a] read from NULL
[b] read from invalid address
[c] read from kernel address
[d] write to NULL
[e] write to invalid address
[f] write to code segment
[g] write to kernel address
[h] jump to NULL
[i] jump to invalid address
[j] jump to kernel address
[k] alignment error
[l] illegal instruction
[m] divide by zero
[n] mod by zero
[o] Recurse infinitely
[*] Run everything (in subprocesses)
Note: [f] may not cause an exception on some platforms, in which
case it'll appear to fail.
Choose:l lFatal user mode trap 10 (Illegal instruction, epc 0x4001ec, vaddr 0x0)
Operation took 0.164733040 seconds
OS/161 kernel [? for menu]: p /testbin/os161testerprog 
p /testbin/os161testerprog 
[a] read from NULL
[b] read from invalid address
[c] read from kernel address
[d] write to NULL
[e] write to invalid address
[f] write to code segment
[g] write to kernel address
[h] jump to NULL
[i] jump to invalid address
[j] jump to kernel address
[k] alignment error
[l] illegal instruction
[m] divide by zero
[n] mod by zero
[o] Recurse infinitely
[*] Run everything (in subprocesses)
Note: [f] may not cause an exception on some platforms, in which
case it'll appear to fail.
Choose:m mFatal user mode trap 9 (Break instruction, epc 0x400238, vaddr 0x0)
Operation took 0.164156920 seconds
OS/161 kernel [? for menu]: p /testbin/os161testerprog 
p /testbin/os161testerprog 
[a] read from NULL
[b] read from invalid address
[c] read from kernel address
[d] write to NULL
[e] write to invalid address
[f] write to code segment
[g] write to kernel address
[h] jump to NULL
[i] jump to invalid address
[j] jump to kernel address
[k] alignment error
[l] illegal instruction
[m] divide by zero
[n] mod by zero
[o] Recurse infinitely
[*] Run everything (in subprocesses)
Note: [f] may not cause an exception on some platforms, in which
case it'll appear to fail.
Choose:n nFatal user mode trap 9sys161: System/161 release 1.14, compiled Jan 13 2015 13:55:47

OS/161 base system version 1.11
Copyright (c) 2000, 2001, 2002, 2003
   President and Fellows of Harvard College.  All rights reserved.

Jason's system version 0 (ASST2 #1)

Cpu is MIPS r2000/r3000
1788k physical memory available
Device probe...
lamebus0 (system main bus)
emu0 at lamebus0
ltrace0 at lamebus0
ltimer0 at lamebus0
hardclock on ltimer0 (100 hz)
beep0 at ltimer0
rtclock0 at ltimer0
lrandom0 at lamebus0
random0 at lrandom0
lhd0 at lamebus0
lhd1 at lamebus0
lser0 at lamebus0
con0 at lser0
pseudorand0 (virtual)

OS/161 kernel [? for menu]: p /testbin/os161testerprog 
p /testbin/os161testerprog 
[a-|, 0-4, *, ?=menu, !=quit]
[a] reboot                  [b] execv                   
[c] waitpid                 [d] sbrk                    
[e] __time                  [f] fsync                   
[g] ftruncate               [h] fstat                   
[i] remove                  [j] rename                  
[k] link                    [l] mkdir                   
[m] rmdir                   [n] chdir                   
[o] getdirentry             [p] read                    
[q] write                   [r] open                    
[s] lseek                   [t] stat                    
[u] lstat                   [v] close                   
[w] ioctl                   [x] symlink                 
[y] readlink                [z] dup2                    
[{] __getcwd                [|] pipe                    
[0] asst0                   [2] asst2                   
[3] asst3                   [4] asst4                   
[*] all                     [!] quit                    
Choose: ccc
/testbin/os161testerprog: passed: wait for pid -8
/testbin/os161testerprog: passed: wait for pid -1
/testbin/os161testerprog: passed: pid zero
/testbin/os161testerprog: passed: nonexistent pid
/testbin/os161testerprog: passed: wait with NULL status
/testbin/os161testerprog: passed: wait with invalid pointer status
/testbin/os161testerprog: passed: wait with kernel pointer status
/testbin/os161testerprog: passed: wait with unaligned status: Operation succeeded
/testbin/os161testerprog: passed: wait with bad flags
/testbin/os161testerprog: passed: wait for self
/testbin/os161testerprog: passed: wait for parent (from child)
/testbin/os161testerprog: passed: wait for parent test (from parent): Operation succeeded
Choose:b bb
/testbin/os161testerprog: passed: exec NULL
/testbin/os161testerprog: passed: exec invalid pointer
/testbin/os161testerprog: passed: exec kernel pointer
/testbin/os161testerprog: passed: exec the empty string
/testbin/os161testerprog: passed: exec /bin/true with NULL arglist
/testbin/os161testerprog: passed: exec /bin/true with invalid pointer arglist
/testbin/os161testerprog: passed: exec /bin/true with kernel pointer arglist
/testbin/os161testerprog: passed: exec /bin/true with invalid pointer arg
/testbin/os161testerprog: passed: exec /bin/true with kernel pointer argsys161: System/161 release 1.14, compiled Jan 13 2015 13:55:47

OS/161 base system version 1.11
Copyright (c) 2000, 2001, 2002, 2003
   President and Fellows of Harvard College.  All rights reserved.

Jason's system version 0 (ASST2 #1)

Cpu is MIPS r2000/r3000
1788k physical memory available
Device probe...
lamebus0 (system main bus)
emu0 at lamebus0
ltrace0 at lamebus0
ltimer0 at lamebus0
hardclock on ltimer0 (100 hz)
beep0 at ltimer0
rtclock0 at ltimer0
lrandom0 at lamebus0
random0 at lrandom0
lhd0 at lamebus0
lhd1 at lamebus0
lser0 at lamebus0
con0 at lser0
pseudorand0 (virtual)

OS/161 kernel [? for menu]: p /testbin/os161testerprog 
p /testbin/os161testerprog 
Answer: 1234567sys161: System/161 release 1.14, compiled Jan 13 2015 13:55:47

OS/161 base system version 1.11
Copyright (c) 2000, 2001, 2002, 2003
   President and Fellows of Harvard College.  All rights reserved.

Jason's system version 0 (ASST2 #1)

Cpu is MIPS r2000/r3000
1788k physical memory available
Device probe...
lamebus0 (system main bus)
emu0 at lamebus0
ltrace0 at lamebus0
ltimer0 at lamebus0
hardclock on ltimer0 (100 hz)
beep0 at ltimer0
rtclock0 at ltimer0
lrandom0 at lamebus0
random0 at lrandom0
lhd0 at lamebus0
lhd1 at lamebus0
lser0 at lamebus0
con0 at lser0
pseudorand0 (virtual)

OS/161 kernel [? for menu]: p /testbin/os161testerprog 
p /testbin/os161testerprog 
Operation took 0.072748480 secondssys161: System/161 release 1.14, compiled Jan 13 2015 13:55:47

OS/161 base system version 1.11
Copyright (c) 2000, 2001, 2002, 2003
   President and Fellows of Harvard College.  All rights reserved.

Jason's system version 0 (ASST2 #1)

Cpu is MIPS r2000/r3000
1788k physical memory available
Device probe...
lamebus0 (system main bus)
emu0 at lamebus0
ltrace0 at lamebus0
ltimer0 at lamebus0
hardclock on ltimer0 (100 hz)
beep0 at ltimer0
rtclock0 at ltimer0
lrandom0 at lamebus0
random0 at lrandom0
lhd0 at lamebus0
lhd1 at lamebus0
lser0 at lamebus0
con0 at lser0
pseudorand0 (virtual)

OS/161 kernel [? for menu]: p /testbin/os161testerprog 
p /testbin/os161testerprog 
1 wekp
2 ewp
3 wer
4 asrcp
5 acpsys161: System/161 release 1.14, compiled Jan 13 2015 13:55:47

OS/161 base system version 1.11
Copyright (c) 2000, 2001, 2002, 2003
   President and Fellows of Harvard College.  All rights reserved.

Jason's system version 0 (ASST2 #1)

Cpu is MIPS r2000/r3000
1788k physical memory available
Device probe...
lamebus0 (system main bus)
emu0 at lamebus0
ltrace0 at lamebus0
ltimer0 at lamebus0
hardclock on ltimer0 (100 hz)
beep0 at ltimer0
rtclock0 at ltimer0
lrandom0 at lamebus0
random0 at lrandom0
lhd0 at lamebus0
lhd1 at lamebus0
lser0 at lamebus0
con0 at lser0
pseudorand0 (virtual)

OS/161 kernel [? for menu]: p /testbin/os161testerprog box 8
p /testbin/os161testerprog box 8
********
********
********
********
********
********
********
********
Operation took 0.506370920 seconds
OS/161 kernel [? for menu]: p /testbin/os161testerprog pyramid 9
p /testbin/os161testerprog pyramid 9
        *
       ***
      *****
     *******
    *********
   ***********
  *************
 ***************
*****************
Operation took 0.580622280 seconds
OS/161 kernel [? for menu]: p /testbin/os161testerprog triangle 6
p /testbin/os161testerprog triangle 6
*
**
***
****
*****
******
sys161: System/161 release 1.14, compiled Jan 13 2015 13:55:47

OS/161 base system version 1.11
Copyright (c) 2000, 2001, 2002, 2003
   President and Fellows of Harvard College.  All rights reserved.

Jason's system version 0 (ASST2 #1)

Cpu is MIPS r2000/r3000
1788k physical memory available
Device probe...
lamebus0 (system main bus)
emu0 at lamebus0
ltrace0 at lamebus0
ltimer0 at lamebus0
hardclock on ltimer0 (100 hz)
beep0 at ltimer0
rtclock0 at ltimer0
lrandom0 at lamebus0
random0 at lrandom0
lhd0 at lamebus0
lhd1 at lamebus0
lser0 at lamebus0
con0 at lser0
pseudorand0 (virtual)

OS/161 kernel [? for menu]: p /testbin/os161testerprog 
p /testbin/os161testerprog 
12! +11! +10! +9! +8! +7! +6! +5! +4! +3! +2! +1! = 522956313
