sys161: System/161 release 1.14, compiled Jan 13 2015 13:55:47

OS/161 base system version 1.11
Copyright (c) 2000, 2001, 2002, 2003
   President and Fellows of Harvard College.  All rights reserved.

Jason's system version 0 (ASST2 #164)

Cpu is MIPS r2000/r3000
1788k physical memory available
Device probe...
lamebus0 (system main bus)
emu0 at lamebus0
ltrace0 at lamebus0
ltimer0 at lamebus0
hardclock on ltimer0 (100 hz)
beep0 at ltimer0
rtclock0 at ltimer0
lrandom0 at lamebus0
random0 at lrandom0
lhd0 at lamebus0
lhd1 at lamebus0
lser0 at lamebus0
con0 at lser0
pseudorand0 (virtual)

OS/161 kernel [? for menu]: p /testbin/os161testerprog 
p /testbin/os161testerprog 
1. writing to stdout... hello world!
2. writing to stderr... /testbin/os161testerprog: false warning
!
3. reading from stdin...
Press Enter: 
passed.
6Press 6: 6passed.
Running test case 1... passed.
Running test case 2... passed.
Running test case 3... passed.
Running test case 4... passed.
Running test case 5... passed.
Running test case 6... passed.
Running test case 7... passed.
Running test case 8... passed.
Press any key 3 times in the next set of tests.
Running test case 9... Ipassed.
Running test case 10...I passed.
Running test case 11... Ipassed.
sys161: System/161 release 1.14, compiled Jan 13 2015 13:55:47

OS/161 base system version 1.11
Copyright (c) 2000, 2001, 2002, 2003
   President and Fellows of Harvard College.  All rights reserved.

Jason's system version 0 (ASST2 #164)

Cpu is MIPS r2000/r3000
1788k physical memory available
Device probe...
lamebus0 (system main bus)
emu0 at lamebus0
ltrace0 at lamebus0
ltimer0 at lamebus0
hardclock on ltimer0 (100 hz)
beep0 at ltimer0
rtclock0 at ltimer0
lrandom0 at lamebus0
random0 at lrandom0
lhd0 at lamebus0
lhd1 at lamebus0
lser0 at lamebus0
con0 at lser0
pseudorand0 (virtual)

OS/161 kernel [? for menu]: p /tes